[23-09-19 03:57:20] INFO  com.wesely.WeselyWebApplication - Starting WeselyWebApplication using Java 17.0.7 with PID 15084 (C:\Users\rkdgo\git\wesely-web\weselyWeb\target\classes started by rkdgo in C:\Users\rkdgo\git\wesely-web\weselyWeb)
[23-09-19 03:57:20] INFO  com.wesely.WeselyWebApplication - The following 1 profile is active: "local"
[23-09-19 03:57:20] INFO  o.s.b.d.restart.ChangeableUrls - The Class-Path manifest attribute in C:\Users\rkdgo\.m2\repository\com\oracle\database\jdbc\ojdbc8\21.9.0.0\ojdbc8-21.9.0.0.jar referenced one or more files that do not exist: file:/C:/Users/rkdgo/.m2/repository/com/oracle/database/jdbc/ojdbc8/21.9.0.0/oraclepki.jar
[23-09-19 03:57:20] INFO  o.s.b.d.e.DevToolsPropertyDefaultsPostProcessor - Devtools property defaults active! Set 'spring.devtools.add-properties' to 'false' to disable
[23-09-19 03:57:20] INFO  o.s.b.d.e.DevToolsPropertyDefaultsPostProcessor - For additional web related logging consider setting the 'logging.level.web' property to 'DEBUG'
[23-09-19 03:57:21] INFO  o.s.d.r.c.RepositoryConfigurationDelegate - Bootstrapping Spring Data JDBC repositories in DEFAULT mode.
[23-09-19 03:57:21] INFO  o.s.d.r.c.RepositoryConfigurationDelegate - Finished Spring Data repository scanning in 9 ms. Found 0 JDBC repository interfaces.
[23-09-19 03:57:22] INFO  o.s.b.w.e.tomcat.TomcatWebServer - Tomcat initialized with port(s): 9090 (http)
[23-09-19 03:57:22] INFO  o.a.coyote.http11.Http11NioProtocol - Initializing ProtocolHandler ["http-nio-9090"]
[23-09-19 03:57:22] INFO  o.a.catalina.core.StandardService - Starting service [Tomcat]
[23-09-19 03:57:22] INFO  o.a.catalina.core.StandardEngine - Starting Servlet engine: [Apache Tomcat/10.1.12]
[23-09-19 03:57:22] INFO  o.a.c.c.C.[Tomcat].[localhost].[/] - Initializing Spring embedded WebApplicationContext
[23-09-19 03:57:22] INFO  o.s.b.w.s.c.ServletWebServerApplicationContext - Root WebApplicationContext: initialization completed in 1912 ms
[23-09-19 03:57:23] INFO  o.s.b.a.w.s.WelcomePageHandlerMapping - Adding welcome page template: index
[23-09-19 03:57:23] INFO  com.zaxxer.hikari.HikariDataSource - HikariPool-1 - Starting...
[23-09-19 03:57:23] INFO  log4jdbc.log4j2 - 1. Connection opened. {executed in 284ms} 
[23-09-19 03:57:23] INFO  log4jdbc.log4j2 - 1. Connection.new Connection returned 
[23-09-19 03:57:23] INFO  log4jdbc.log4j2 - 1. Connection.getNetworkTimeout() returned 0
[23-09-19 03:57:23] INFO  log4jdbc.log4j2 - 1. Connection.isReadOnly() returned false
[23-09-19 03:57:23] INFO  log4jdbc.log4j2 - 1. Connection.getAutoCommit() returned true
[23-09-19 03:57:23] INFO  log4jdbc.log4j2 - 1. Connection.isValid(1) returned true
[23-09-19 03:57:23] INFO  log4jdbc.log4j2 - 1. Connection.getTransactionIsolation() returned 2
[23-09-19 03:57:23] INFO  com.zaxxer.hikari.pool.HikariPool - HikariPool-1 - Added connection net.sf.log4jdbc.sql.jdbcapi.ConnectionSpy@602b76c
[23-09-19 03:57:23] INFO  com.zaxxer.hikari.HikariDataSource - HikariPool-1 - Start completed.
[23-09-19 03:57:23] INFO  log4jdbc.log4j2 - 1. Connection.getMetaData() returned oracle.jdbc.driver.OracleDatabaseMetaData@1646fad9
[23-09-19 03:57:23] INFO  log4jdbc.log4j2 - 1. Connection.clearWarnings() returned 
[23-09-19 03:57:23] INFO  log4jdbc.log4j2 - 2. Connection opened. {executed in 23ms} 
[23-09-19 03:57:23] INFO  log4jdbc.log4j2 - 2. Connection.new Connection returned 
[23-09-19 03:57:23] INFO  log4jdbc.log4j2 - 2. Connection.isReadOnly() returned false
[23-09-19 03:57:23] INFO  log4jdbc.log4j2 - 2. Connection.getAutoCommit() returned true
[23-09-19 03:57:23] INFO  log4jdbc.log4j2 - 3. Connection opened. {executed in 20ms} 
[23-09-19 03:57:23] INFO  log4jdbc.log4j2 - 3. Connection.new Connection returned 
[23-09-19 03:57:23] INFO  log4jdbc.log4j2 - 3. Connection.isReadOnly() returned false
[23-09-19 03:57:23] INFO  log4jdbc.log4j2 - 3. Connection.getAutoCommit() returned true
[23-09-19 03:57:23] INFO  o.s.b.d.a.OptionalLiveReloadServer - LiveReload server is running on port 35729
[23-09-19 03:57:24] INFO  log4jdbc.log4j2 - 4. Connection opened. {executed in 19ms} 
[23-09-19 03:57:24] INFO  log4jdbc.log4j2 - 4. Connection.new Connection returned 
[23-09-19 03:57:24] INFO  log4jdbc.log4j2 - 4. Connection.isReadOnly() returned false
[23-09-19 03:57:24] INFO  log4jdbc.log4j2 - 4. Connection.getAutoCommit() returned true
[23-09-19 03:57:24] INFO  o.a.coyote.http11.Http11NioProtocol - Starting ProtocolHandler ["http-nio-9090"]
[23-09-19 03:57:24] INFO  log4jdbc.log4j2 - 5. Connection opened. {executed in 20ms} 
[23-09-19 03:57:24] INFO  log4jdbc.log4j2 - 5. Connection.new Connection returned 
[23-09-19 03:57:24] INFO  log4jdbc.log4j2 - 5. Connection.isReadOnly() returned false
[23-09-19 03:57:24] INFO  log4jdbc.log4j2 - 5. Connection.getAutoCommit() returned true
[23-09-19 03:57:24] INFO  o.s.b.w.e.tomcat.TomcatWebServer - Tomcat started on port(s): 9090 (http) with context path ''
[23-09-19 03:57:24] INFO  com.wesely.WeselyWebApplication - Started WeselyWebApplication in 4.438 seconds (process running for 5.667)
[23-09-19 03:57:24] INFO  log4jdbc.log4j2 - 6. Connection opened. {executed in 21ms} 
[23-09-19 03:57:24] INFO  log4jdbc.log4j2 - 6. Connection.new Connection returned 
[23-09-19 03:57:24] INFO  log4jdbc.log4j2 - 6. Connection.isReadOnly() returned false
[23-09-19 03:57:24] INFO  log4jdbc.log4j2 - 6. Connection.getAutoCommit() returned true
[23-09-19 03:57:24] INFO  log4jdbc.log4j2 - 7. Connection opened. {executed in 31ms} 
[23-09-19 03:57:24] INFO  log4jdbc.log4j2 - 7. Connection.new Connection returned 
[23-09-19 03:57:24] INFO  log4jdbc.log4j2 - 7. Connection.isReadOnly() returned false
[23-09-19 03:57:24] INFO  log4jdbc.log4j2 - 7. Connection.getAutoCommit() returned true
[23-09-19 03:57:24] INFO  log4jdbc.log4j2 - 8. Connection opened. {executed in 22ms} 
[23-09-19 03:57:24] INFO  log4jdbc.log4j2 - 8. Connection.new Connection returned 
[23-09-19 03:57:24] INFO  log4jdbc.log4j2 - 8. Connection.isReadOnly() returned false
[23-09-19 03:57:24] INFO  log4jdbc.log4j2 - 8. Connection.getAutoCommit() returned true
[23-09-19 03:57:24] INFO  log4jdbc.log4j2 - 9. Connection opened. {executed in 17ms} 
[23-09-19 03:57:24] INFO  log4jdbc.log4j2 - 9. Connection.new Connection returned 
[23-09-19 03:57:24] INFO  log4jdbc.log4j2 - 9. Connection.isReadOnly() returned false
[23-09-19 03:57:24] INFO  log4jdbc.log4j2 - 9. Connection.getAutoCommit() returned true
[23-09-19 03:57:24] INFO  log4jdbc.log4j2 - 10. Connection opened. {executed in 18ms} 
[23-09-19 03:57:24] INFO  log4jdbc.log4j2 - 10. Connection.new Connection returned 
[23-09-19 03:57:24] INFO  log4jdbc.log4j2 - 10. Connection.isReadOnly() returned false
[23-09-19 03:57:24] INFO  log4jdbc.log4j2 - 10. Connection.getAutoCommit() returned true
[23-09-19 03:57:33] INFO  o.a.c.c.C.[Tomcat].[localhost].[/] - Initializing Spring DispatcherServlet 'dispatcherServlet'
[23-09-19 03:57:33] INFO  o.s.web.servlet.DispatcherServlet - Initializing Servlet 'dispatcherServlet'
[23-09-19 03:57:33] INFO  o.s.web.servlet.DispatcherServlet - Completed initialization in 4 ms
[23-09-19 03:57:56] INFO  c.w.service.CommunityServiceImpl - selectById(0,0) 호출!!!
[23-09-19 03:57:56] INFO  log4jdbc.log4j2 - 1. Connection.isValid(5) returned true
[23-09-19 03:57:56] INFO  log4jdbc.log4j2 - 1. Connection.getAutoCommit() returned true
[23-09-19 03:57:56] INFO  log4jdbc.log4j2 - 1. PreparedStatement.new PreparedStatement returned 
[23-09-19 03:57:56] INFO  log4jdbc.log4j2 - 1. Connection.prepareStatement(select * from community where id=?) returned net.sf.log4jdbc.sql.jdbcapi.PreparedStatementSpy@3fafca6f
[23-09-19 03:57:56] INFO  log4jdbc.log4j2 - 1. PreparedStatement.setInt(1, 0) returned 
[23-09-19 03:57:56] INFO  log4jdbc.log4j2 - 1. PreparedStatement.close() returned 
[23-09-19 03:57:56] INFO  log4jdbc.log4j2 - 1. Connection.clearWarnings() returned 
[23-09-19 03:57:56] INFO  log4jdbc.log4j2 - 1. Connection.getMetaData() returned oracle.jdbc.driver.OracleDatabaseMetaData@1646fad9
[23-09-19 03:57:56] INFO  log4jdbc.log4j2 - 1. Connection.clearWarnings() returned 
[23-09-19 03:58:04] INFO  c.w.service.CommunityServiceImpl - selectById(0,0) 호출!!!
[23-09-19 03:58:04] INFO  log4jdbc.log4j2 - 1. Connection.isValid(5) returned true
[23-09-19 03:58:04] INFO  log4jdbc.log4j2 - 1. Connection.getAutoCommit() returned true
[23-09-19 03:58:04] INFO  log4jdbc.log4j2 - 1. PreparedStatement.new PreparedStatement returned 
[23-09-19 03:58:04] INFO  log4jdbc.log4j2 - 1. Connection.prepareStatement(select * from community where id=?) returned net.sf.log4jdbc.sql.jdbcapi.PreparedStatementSpy@3e8febf8
[23-09-19 03:58:04] INFO  log4jdbc.log4j2 - 1. PreparedStatement.setInt(1, 0) returned 
[23-09-19 03:58:04] INFO  log4jdbc.log4j2 - 1. PreparedStatement.close() returned 
[23-09-19 03:58:04] INFO  log4jdbc.log4j2 - 1. Connection.clearWarnings() returned 
[23-09-19 03:59:40] INFO  c.w.service.CommunityServiceImpl - selectById(0,0) 호출!!!
[23-09-19 03:59:40] INFO  log4jdbc.log4j2 - 1. Connection.isValid(5) returned true
[23-09-19 03:59:40] INFO  log4jdbc.log4j2 - 1. Connection.getAutoCommit() returned true
[23-09-19 03:59:40] INFO  log4jdbc.log4j2 - 1. PreparedStatement.new PreparedStatement returned 
[23-09-19 03:59:40] INFO  log4jdbc.log4j2 - 1. Connection.prepareStatement(select * from community where id=?) returned net.sf.log4jdbc.sql.jdbcapi.PreparedStatementSpy@67462428
[23-09-19 03:59:40] INFO  log4jdbc.log4j2 - 1. PreparedStatement.setInt(1, 0) returned 
[23-09-19 03:59:40] INFO  log4jdbc.log4j2 - 1. PreparedStatement.close() returned 
[23-09-19 03:59:40] INFO  log4jdbc.log4j2 - 1. Connection.clearWarnings() returned 
[23-09-19 04:00:16] INFO  c.w.service.CommunityServiceImpl - selectById(0,0) 호출!!!
[23-09-19 04:00:16] INFO  log4jdbc.log4j2 - 1. Connection.isValid(5) returned true
[23-09-19 04:00:16] INFO  log4jdbc.log4j2 - 1. Connection.getAutoCommit() returned true
[23-09-19 04:00:16] INFO  log4jdbc.log4j2 - 1. PreparedStatement.new PreparedStatement returned 
[23-09-19 04:00:16] INFO  log4jdbc.log4j2 - 1. Connection.prepareStatement(select * from community where id=?) returned net.sf.log4jdbc.sql.jdbcapi.PreparedStatementSpy@5cce7305
[23-09-19 04:00:16] INFO  log4jdbc.log4j2 - 1. PreparedStatement.setInt(1, 0) returned 
[23-09-19 04:00:16] INFO  log4jdbc.log4j2 - 1. PreparedStatement.close() returned 
[23-09-19 04:00:16] INFO  log4jdbc.log4j2 - 1. Connection.clearWarnings() returned 
[23-09-19 04:01:18] INFO  c.w.service.CommunityServiceImpl - selectById(0,0) 호출!!!
[23-09-19 04:01:18] INFO  log4jdbc.log4j2 - 1. Connection.isValid(5) returned true
[23-09-19 04:01:18] INFO  log4jdbc.log4j2 - 1. Connection.getAutoCommit() returned true
[23-09-19 04:01:18] INFO  log4jdbc.log4j2 - 1. PreparedStatement.new PreparedStatement returned 
[23-09-19 04:01:18] INFO  log4jdbc.log4j2 - 1. Connection.prepareStatement(select * from community where id=?) returned net.sf.log4jdbc.sql.jdbcapi.PreparedStatementSpy@6d3d5e4a
[23-09-19 04:01:18] INFO  log4jdbc.log4j2 - 1. PreparedStatement.setInt(1, 0) returned 
[23-09-19 04:01:18] INFO  log4jdbc.log4j2 - 1. PreparedStatement.close() returned 
[23-09-19 04:01:18] INFO  log4jdbc.log4j2 - 1. Connection.clearWarnings() returned 
[23-09-19 04:01:20] INFO  c.w.service.CommunityServiceImpl - selectById(0,0) 호출!!!
[23-09-19 04:01:20] INFO  log4jdbc.log4j2 - 1. Connection.isValid(5) returned true
[23-09-19 04:01:20] INFO  log4jdbc.log4j2 - 1. Connection.getAutoCommit() returned true
[23-09-19 04:01:20] INFO  log4jdbc.log4j2 - 1. PreparedStatement.new PreparedStatement returned 
[23-09-19 04:01:20] INFO  log4jdbc.log4j2 - 1. Connection.prepareStatement(select * from community where id=?) returned net.sf.log4jdbc.sql.jdbcapi.PreparedStatementSpy@62993c21
[23-09-19 04:01:20] INFO  log4jdbc.log4j2 - 1. PreparedStatement.setInt(1, 0) returned 
[23-09-19 04:01:20] INFO  log4jdbc.log4j2 - 1. PreparedStatement.close() returned 
[23-09-19 04:01:20] INFO  log4jdbc.log4j2 - 1. Connection.clearWarnings() returned 
[23-09-19 04:01:25] INFO  c.w.service.CommunityServiceImpl - selectById(0,0) 호출!!!
[23-09-19 04:01:25] INFO  log4jdbc.log4j2 - 1. Connection.isValid(5) returned true
[23-09-19 04:01:25] INFO  log4jdbc.log4j2 - 1. Connection.getAutoCommit() returned true
[23-09-19 04:01:25] INFO  log4jdbc.log4j2 - 1. PreparedStatement.new PreparedStatement returned 
[23-09-19 04:01:25] INFO  log4jdbc.log4j2 - 1. Connection.prepareStatement(select * from community where id=?) returned net.sf.log4jdbc.sql.jdbcapi.PreparedStatementSpy@493735f3
[23-09-19 04:01:25] INFO  log4jdbc.log4j2 - 1. PreparedStatement.setInt(1, 0) returned 
[23-09-19 04:01:25] INFO  log4jdbc.log4j2 - 1. PreparedStatement.close() returned 
[23-09-19 04:01:25] INFO  log4jdbc.log4j2 - 1. Connection.clearWarnings() returned 
[23-09-19 04:01:32] INFO  c.w.service.CommunityServiceImpl - selectById(0,0) 호출!!!
[23-09-19 04:01:32] INFO  log4jdbc.log4j2 - 1. Connection.isValid(5) returned true
[23-09-19 04:01:32] INFO  log4jdbc.log4j2 - 1. Connection.getAutoCommit() returned true
[23-09-19 04:01:32] INFO  log4jdbc.log4j2 - 1. PreparedStatement.new PreparedStatement returned 
[23-09-19 04:01:32] INFO  log4jdbc.log4j2 - 1. Connection.prepareStatement(select * from community where id=?) returned net.sf.log4jdbc.sql.jdbcapi.PreparedStatementSpy@2c51cd43
[23-09-19 04:01:32] INFO  log4jdbc.log4j2 - 1. PreparedStatement.setInt(1, 0) returned 
[23-09-19 04:01:32] INFO  log4jdbc.log4j2 - 1. PreparedStatement.close() returned 
[23-09-19 04:01:32] INFO  log4jdbc.log4j2 - 1. Connection.clearWarnings() returned 
[23-09-19 04:01:32] INFO  c.w.service.CommunityServiceImpl - selectById(0,0) 호출!!!
[23-09-19 04:01:32] INFO  log4jdbc.log4j2 - 1. Connection.getAutoCommit() returned true
[23-09-19 04:01:32] INFO  log4jdbc.log4j2 - 1. PreparedStatement.new PreparedStatement returned 
[23-09-19 04:01:32] INFO  log4jdbc.log4j2 - 1. Connection.prepareStatement(select * from community where id=?) returned net.sf.log4jdbc.sql.jdbcapi.PreparedStatementSpy@47902a5a
[23-09-19 04:01:32] INFO  log4jdbc.log4j2 - 1. PreparedStatement.setInt(1, 0) returned 
[23-09-19 04:01:32] INFO  log4jdbc.log4j2 - 1. PreparedStatement.close() returned 
[23-09-19 04:01:32] INFO  log4jdbc.log4j2 - 1. Connection.clearWarnings() returned 
[23-09-19 04:06:02] INFO  c.w.service.CommunityServiceImpl - selectById(0,0) 호출!!!
[23-09-19 04:06:02] INFO  log4jdbc.log4j2 - 1. Connection.isValid(5) returned true
[23-09-19 04:06:02] INFO  log4jdbc.log4j2 - 1. Connection.getAutoCommit() returned true
[23-09-19 04:06:02] INFO  log4jdbc.log4j2 - 1. PreparedStatement.new PreparedStatement returned 
[23-09-19 04:06:02] INFO  log4jdbc.log4j2 - 1. Connection.prepareStatement(select * from community where id=?) returned net.sf.log4jdbc.sql.jdbcapi.PreparedStatementSpy@b6122b0
[23-09-19 04:06:02] INFO  log4jdbc.log4j2 - 1. PreparedStatement.setInt(1, 0) returned 
[23-09-19 04:06:02] INFO  log4jdbc.log4j2 - 1. PreparedStatement.close() returned 
[23-09-19 04:06:02] INFO  log4jdbc.log4j2 - 1. Connection.clearWarnings() returned 
