[23-09-14 15:28:34] INFO  com.wesely.WeselyWebApplication - Starting WeselyWebApplication using Java 17.0.7 with PID 8672 (C:\Users\dw-016\git\wesely-web\weselyWeb\target\classes started by dw-016 in C:\Users\dw-016\git\wesely-web\weselyWeb)
[23-09-14 15:28:34] INFO  com.wesely.WeselyWebApplication - The following 1 profile is active: "local"
[23-09-14 15:28:34] INFO  o.s.b.d.restart.ChangeableUrls - The Class-Path manifest attribute in C:\Users\dw-016\.m2\repository\com\oracle\database\jdbc\ojdbc8\21.9.0.0\ojdbc8-21.9.0.0.jar referenced one or more files that do not exist: file:/C:/Users/dw-016/.m2/repository/com/oracle/database/jdbc/ojdbc8/21.9.0.0/oraclepki.jar
[23-09-14 15:28:34] INFO  o.s.b.d.e.DevToolsPropertyDefaultsPostProcessor - Devtools property defaults active! Set 'spring.devtools.add-properties' to 'false' to disable
[23-09-14 15:28:34] INFO  o.s.b.d.e.DevToolsPropertyDefaultsPostProcessor - For additional web related logging consider setting the 'logging.level.web' property to 'DEBUG'
[23-09-14 15:28:34] INFO  o.s.d.r.c.RepositoryConfigurationDelegate - Bootstrapping Spring Data JDBC repositories in DEFAULT mode.
[23-09-14 15:28:34] INFO  o.s.d.r.c.RepositoryConfigurationDelegate - Finished Spring Data repository scanning in 3 ms. Found 0 JDBC repository interfaces.
[23-09-14 15:28:35] INFO  o.s.b.w.e.tomcat.TomcatWebServer - Tomcat initialized with port(s): 9090 (http)
[23-09-14 15:28:35] INFO  o.a.coyote.http11.Http11NioProtocol - Initializing ProtocolHandler ["http-nio-9090"]
[23-09-14 15:28:35] INFO  o.a.catalina.core.StandardService - Starting service [Tomcat]
[23-09-14 15:28:35] INFO  o.a.catalina.core.StandardEngine - Starting Servlet engine: [Apache Tomcat/10.1.12]
[23-09-14 15:28:35] INFO  o.a.c.c.C.[Tomcat].[localhost].[/] - Initializing Spring embedded WebApplicationContext
[23-09-14 15:28:35] INFO  o.s.b.w.s.c.ServletWebServerApplicationContext - Root WebApplicationContext: initialization completed in 965 ms
[23-09-14 15:28:35] INFO  o.a.catalina.core.StandardService - Stopping service [Tomcat]
[23-09-14 15:28:35] INFO  o.s.b.a.l.ConditionEvaluationReportLogger - 

Error starting ApplicationContext. To display the condition evaluation report re-run your application with 'debug' enabled.
[23-09-14 15:29:47] INFO  com.wesely.WeselyWebApplication - Starting WeselyWebApplication using Java 17.0.7 with PID 11440 (C:\Users\dw-016\git\wesely-web\weselyWeb\target\classes started by dw-016 in C:\Users\dw-016\git\wesely-web\weselyWeb)
[23-09-14 15:29:47] INFO  com.wesely.WeselyWebApplication - The following 1 profile is active: "local"
[23-09-14 15:29:47] INFO  o.s.b.d.restart.ChangeableUrls - The Class-Path manifest attribute in C:\Users\dw-016\.m2\repository\com\oracle\database\jdbc\ojdbc8\21.9.0.0\ojdbc8-21.9.0.0.jar referenced one or more files that do not exist: file:/C:/Users/dw-016/.m2/repository/com/oracle/database/jdbc/ojdbc8/21.9.0.0/oraclepki.jar
[23-09-14 15:29:47] INFO  o.s.b.d.e.DevToolsPropertyDefaultsPostProcessor - Devtools property defaults active! Set 'spring.devtools.add-properties' to 'false' to disable
[23-09-14 15:29:47] INFO  o.s.b.d.e.DevToolsPropertyDefaultsPostProcessor - For additional web related logging consider setting the 'logging.level.web' property to 'DEBUG'
[23-09-14 15:29:48] INFO  o.s.d.r.c.RepositoryConfigurationDelegate - Bootstrapping Spring Data JDBC repositories in DEFAULT mode.
[23-09-14 15:29:48] INFO  o.s.d.r.c.RepositoryConfigurationDelegate - Finished Spring Data repository scanning in 4 ms. Found 0 JDBC repository interfaces.
[23-09-14 15:29:48] INFO  o.s.b.w.e.tomcat.TomcatWebServer - Tomcat initialized with port(s): 9090 (http)
[23-09-14 15:29:48] INFO  o.a.coyote.http11.Http11NioProtocol - Initializing ProtocolHandler ["http-nio-9090"]
[23-09-14 15:29:48] INFO  o.a.catalina.core.StandardService - Starting service [Tomcat]
[23-09-14 15:29:48] INFO  o.a.catalina.core.StandardEngine - Starting Servlet engine: [Apache Tomcat/10.1.12]
[23-09-14 15:29:48] INFO  o.a.c.c.C.[Tomcat].[localhost].[/] - Initializing Spring embedded WebApplicationContext
[23-09-14 15:29:48] INFO  o.s.b.w.s.c.ServletWebServerApplicationContext - Root WebApplicationContext: initialization completed in 1051 ms
[23-09-14 15:29:48] INFO  o.s.b.a.w.s.WelcomePageHandlerMapping - Adding welcome page template: index
[23-09-14 15:29:49] INFO  com.zaxxer.hikari.HikariDataSource - HikariPool-1 - Starting...
[23-09-14 15:29:49] INFO  log4jdbc.log4j2 - 1. Connection opened. {executed in 163ms} 
[23-09-14 15:29:49] INFO  log4jdbc.log4j2 - 1. Connection.new Connection returned 
[23-09-14 15:29:49] INFO  log4jdbc.log4j2 - 1. Connection.getNetworkTimeout() returned 0
[23-09-14 15:29:49] INFO  log4jdbc.log4j2 - 1. Connection.isReadOnly() returned false
[23-09-14 15:29:49] INFO  log4jdbc.log4j2 - 1. Connection.getAutoCommit() returned true
[23-09-14 15:29:49] INFO  log4jdbc.log4j2 - 1. Connection.isValid(1) returned true
[23-09-14 15:29:49] INFO  log4jdbc.log4j2 - 1. Connection.getTransactionIsolation() returned 2
[23-09-14 15:29:49] INFO  com.zaxxer.hikari.pool.HikariPool - HikariPool-1 - Added connection net.sf.log4jdbc.sql.jdbcapi.ConnectionSpy@1996f258
[23-09-14 15:29:49] INFO  com.zaxxer.hikari.HikariDataSource - HikariPool-1 - Start completed.
[23-09-14 15:29:49] INFO  log4jdbc.log4j2 - 1. Connection.getMetaData() returned oracle.jdbc.driver.OracleDatabaseMetaData@5f28e2ab
[23-09-14 15:29:49] INFO  log4jdbc.log4j2 - 1. Connection.clearWarnings() returned 
[23-09-14 15:29:49] INFO  o.s.b.d.a.OptionalLiveReloadServer - LiveReload server is running on port 35729
[23-09-14 15:29:49] INFO  log4jdbc.log4j2 - 2. Connection opened. {executed in 17ms} 
[23-09-14 15:29:49] INFO  log4jdbc.log4j2 - 2. Connection.new Connection returned 
[23-09-14 15:29:49] INFO  log4jdbc.log4j2 - 2. Connection.isReadOnly() returned false
[23-09-14 15:29:49] INFO  log4jdbc.log4j2 - 2. Connection.getAutoCommit() returned true
[23-09-14 15:29:49] INFO  o.a.coyote.http11.Http11NioProtocol - Starting ProtocolHandler ["http-nio-9090"]
[23-09-14 15:29:49] INFO  o.s.b.w.e.tomcat.TomcatWebServer - Tomcat started on port(s): 9090 (http) with context path ''
[23-09-14 15:29:49] INFO  log4jdbc.log4j2 - 3. Connection opened. {executed in 13ms} 
[23-09-14 15:29:49] INFO  log4jdbc.log4j2 - 3. Connection.new Connection returned 
[23-09-14 15:29:49] INFO  log4jdbc.log4j2 - 3. Connection.isReadOnly() returned false
[23-09-14 15:29:49] INFO  log4jdbc.log4j2 - 3. Connection.getAutoCommit() returned true
[23-09-14 15:29:49] INFO  com.wesely.WeselyWebApplication - Started WeselyWebApplication in 2.37 seconds (process running for 3.099)
[23-09-14 15:29:49] INFO  log4jdbc.log4j2 - 4. Connection opened. {executed in 12ms} 
[23-09-14 15:29:49] INFO  log4jdbc.log4j2 - 4. Connection.new Connection returned 
[23-09-14 15:29:49] INFO  log4jdbc.log4j2 - 4. Connection.isReadOnly() returned false
[23-09-14 15:29:49] INFO  log4jdbc.log4j2 - 4. Connection.getAutoCommit() returned true
[23-09-14 15:29:49] INFO  log4jdbc.log4j2 - 5. Connection opened. {executed in 12ms} 
[23-09-14 15:29:49] INFO  log4jdbc.log4j2 - 5. Connection.new Connection returned 
[23-09-14 15:29:49] INFO  log4jdbc.log4j2 - 5. Connection.isReadOnly() returned false
[23-09-14 15:29:49] INFO  log4jdbc.log4j2 - 5. Connection.getAutoCommit() returned true
[23-09-14 15:29:49] INFO  log4jdbc.log4j2 - 6. Connection opened. {executed in 12ms} 
[23-09-14 15:29:49] INFO  log4jdbc.log4j2 - 6. Connection.new Connection returned 
[23-09-14 15:29:49] INFO  log4jdbc.log4j2 - 6. Connection.isReadOnly() returned false
[23-09-14 15:29:49] INFO  log4jdbc.log4j2 - 6. Connection.getAutoCommit() returned true
[23-09-14 15:29:49] INFO  log4jdbc.log4j2 - 7. Connection opened. {executed in 17ms} 
[23-09-14 15:29:49] INFO  log4jdbc.log4j2 - 7. Connection.new Connection returned 
[23-09-14 15:29:49] INFO  log4jdbc.log4j2 - 7. Connection.isReadOnly() returned false
[23-09-14 15:29:49] INFO  log4jdbc.log4j2 - 7. Connection.getAutoCommit() returned true
[23-09-14 15:29:49] INFO  log4jdbc.log4j2 - 8. Connection opened. {executed in 13ms} 
[23-09-14 15:29:49] INFO  log4jdbc.log4j2 - 8. Connection.new Connection returned 
[23-09-14 15:29:49] INFO  log4jdbc.log4j2 - 8. Connection.isReadOnly() returned false
[23-09-14 15:29:49] INFO  log4jdbc.log4j2 - 8. Connection.getAutoCommit() returned true
[23-09-14 15:29:49] INFO  log4jdbc.log4j2 - 9. Connection opened. {executed in 12ms} 
[23-09-14 15:29:49] INFO  log4jdbc.log4j2 - 9. Connection.new Connection returned 
[23-09-14 15:29:49] INFO  log4jdbc.log4j2 - 9. Connection.isReadOnly() returned false
[23-09-14 15:29:49] INFO  log4jdbc.log4j2 - 9. Connection.getAutoCommit() returned true
[23-09-14 15:29:49] INFO  log4jdbc.log4j2 - 10. Connection opened. {executed in 13ms} 
[23-09-14 15:29:49] INFO  log4jdbc.log4j2 - 10. Connection.new Connection returned 
[23-09-14 15:29:49] INFO  log4jdbc.log4j2 - 10. Connection.isReadOnly() returned false
[23-09-14 15:29:49] INFO  log4jdbc.log4j2 - 10. Connection.getAutoCommit() returned true
[23-09-14 15:29:57] INFO  o.a.c.c.C.[Tomcat].[localhost].[/] - Initializing Spring DispatcherServlet 'dispatcherServlet'
[23-09-14 15:29:57] INFO  o.s.web.servlet.DispatcherServlet - Initializing Servlet 'dispatcherServlet'
[23-09-14 15:29:57] INFO  o.s.web.servlet.DispatcherServlet - Completed initialization in 1 ms
[23-09-14 15:36:26] INFO  o.s.b.d.a.LocalDevToolsAutoConfiguration$RestartingClassPathChangeChangedEventListener - Restarting due to 13 class path changes (0 additions, 13 deletions, 0 modifications)
[23-09-14 15:36:27] INFO  o.a.coyote.http11.Http11NioProtocol - Pausing ProtocolHandler ["http-nio-9090"]
[23-09-14 15:36:27] INFO  o.a.catalina.core.StandardService - Stopping service [Tomcat]
[23-09-14 15:36:27] INFO  o.a.c.c.C.[Tomcat].[localhost].[/] - Destroying Spring FrameworkServlet 'dispatcherServlet'
[23-09-14 15:36:27] INFO  o.a.coyote.http11.Http11NioProtocol - Stopping ProtocolHandler ["http-nio-9090"]
[23-09-14 15:36:27] INFO  o.a.coyote.http11.Http11NioProtocol - Destroying ProtocolHandler ["http-nio-9090"]
[23-09-14 15:36:27] INFO  com.zaxxer.hikari.HikariDataSource - HikariPool-1 - Shutdown initiated...
[23-09-14 15:36:27] INFO  log4jdbc.log4j2 - 1. Connection closed. {executed in 1ms} 
[23-09-14 15:36:27] INFO  log4jdbc.log4j2 - 1. Connection.close() returned 
[23-09-14 15:36:27] INFO  log4jdbc.log4j2 - 2. Connection closed. {executed in 1ms} 
[23-09-14 15:36:27] INFO  log4jdbc.log4j2 - 2. Connection.close() returned 
[23-09-14 15:36:27] INFO  log4jdbc.log4j2 - 3. Connection closed. {executed in 0ms} 
[23-09-14 15:36:27] INFO  log4jdbc.log4j2 - 3. Connection.close() returned 
[23-09-14 15:36:27] INFO  log4jdbc.log4j2 - 4. Connection closed. {executed in 0ms} 
[23-09-14 15:36:27] INFO  log4jdbc.log4j2 - 4. Connection.close() returned 
[23-09-14 15:36:27] INFO  log4jdbc.log4j2 - 5. Connection closed. {executed in 2ms} 
[23-09-14 15:36:27] INFO  log4jdbc.log4j2 - 5. Connection.close() returned 
[23-09-14 15:36:27] INFO  log4jdbc.log4j2 - 6. Connection closed. {executed in 1ms} 
[23-09-14 15:36:27] INFO  log4jdbc.log4j2 - 6. Connection.close() returned 
[23-09-14 15:36:27] INFO  log4jdbc.log4j2 - 7. Connection closed. {executed in 0ms} 
[23-09-14 15:36:27] INFO  log4jdbc.log4j2 - 7. Connection.close() returned 
[23-09-14 15:36:27] INFO  log4jdbc.log4j2 - 8. Connection closed. {executed in 0ms} 
[23-09-14 15:36:27] INFO  log4jdbc.log4j2 - 8. Connection.close() returned 
[23-09-14 15:36:27] INFO  log4jdbc.log4j2 - 9. Connection closed. {executed in 1ms} 
[23-09-14 15:36:27] INFO  log4jdbc.log4j2 - 9. Connection.close() returned 
[23-09-14 15:36:27] INFO  log4jdbc.log4j2 - 10. Connection closed. {executed in 1ms} 
[23-09-14 15:36:27] INFO  log4jdbc.log4j2 - 10. Connection.close() returned 
[23-09-14 15:36:27] INFO  com.zaxxer.hikari.HikariDataSource - HikariPool-1 - Shutdown completed.
[23-09-14 15:37:41] INFO  com.wesely.WeselyWebApplication - Starting WeselyWebApplication using Java 17.0.7 with PID 10452 (C:\Users\dw-016\git\wesely-web\weselyWeb\target\classes started by dw-016 in C:\Users\dw-016\git\wesely-web\weselyWeb)
[23-09-14 15:37:41] INFO  com.wesely.WeselyWebApplication - The following 1 profile is active: "local"
[23-09-14 15:37:41] INFO  o.s.b.d.restart.ChangeableUrls - The Class-Path manifest attribute in C:\Users\dw-016\.m2\repository\com\oracle\database\jdbc\ojdbc8\21.9.0.0\ojdbc8-21.9.0.0.jar referenced one or more files that do not exist: file:/C:/Users/dw-016/.m2/repository/com/oracle/database/jdbc/ojdbc8/21.9.0.0/oraclepki.jar
[23-09-14 15:37:41] INFO  o.s.b.d.e.DevToolsPropertyDefaultsPostProcessor - Devtools property defaults active! Set 'spring.devtools.add-properties' to 'false' to disable
[23-09-14 15:37:41] INFO  o.s.b.d.e.DevToolsPropertyDefaultsPostProcessor - For additional web related logging consider setting the 'logging.level.web' property to 'DEBUG'
[23-09-14 15:37:41] INFO  o.s.d.r.c.RepositoryConfigurationDelegate - Bootstrapping Spring Data JDBC repositories in DEFAULT mode.
[23-09-14 15:37:41] INFO  o.s.d.r.c.RepositoryConfigurationDelegate - Finished Spring Data repository scanning in 5 ms. Found 0 JDBC repository interfaces.
[23-09-14 15:37:42] INFO  o.s.b.w.e.tomcat.TomcatWebServer - Tomcat initialized with port(s): 9090 (http)
[23-09-14 15:37:42] INFO  o.a.coyote.http11.Http11NioProtocol - Initializing ProtocolHandler ["http-nio-9090"]
[23-09-14 15:37:42] INFO  o.a.catalina.core.StandardService - Starting service [Tomcat]
[23-09-14 15:37:42] INFO  o.a.catalina.core.StandardEngine - Starting Servlet engine: [Apache Tomcat/10.1.12]
[23-09-14 15:37:42] INFO  o.a.c.c.C.[Tomcat].[localhost].[/] - Initializing Spring embedded WebApplicationContext
[23-09-14 15:37:42] INFO  o.s.b.w.s.c.ServletWebServerApplicationContext - Root WebApplicationContext: initialization completed in 1114 ms
[23-09-14 15:37:42] INFO  o.a.catalina.core.StandardService - Stopping service [Tomcat]
[23-09-14 15:37:42] INFO  o.s.b.a.l.ConditionEvaluationReportLogger - 

Error starting ApplicationContext. To display the condition evaluation report re-run your application with 'debug' enabled.
[23-09-14 15:39:46] INFO  com.wesely.WeselyWebApplication - Starting WeselyWebApplication using Java 17.0.7 with PID 9260 (C:\Users\dw-016\git\wesely-web\weselyWeb\target\classes started by dw-016 in C:\Users\dw-016\git\wesely-web\weselyWeb)
[23-09-14 15:39:46] INFO  com.wesely.WeselyWebApplication - The following 1 profile is active: "local"
[23-09-14 15:39:46] INFO  o.s.b.d.restart.ChangeableUrls - The Class-Path manifest attribute in C:\Users\dw-016\.m2\repository\com\oracle\database\jdbc\ojdbc8\21.9.0.0\ojdbc8-21.9.0.0.jar referenced one or more files that do not exist: file:/C:/Users/dw-016/.m2/repository/com/oracle/database/jdbc/ojdbc8/21.9.0.0/oraclepki.jar
[23-09-14 15:39:46] INFO  o.s.b.d.e.DevToolsPropertyDefaultsPostProcessor - Devtools property defaults active! Set 'spring.devtools.add-properties' to 'false' to disable
[23-09-14 15:39:46] INFO  o.s.b.d.e.DevToolsPropertyDefaultsPostProcessor - For additional web related logging consider setting the 'logging.level.web' property to 'DEBUG'
[23-09-14 15:39:47] INFO  o.s.d.r.c.RepositoryConfigurationDelegate - Bootstrapping Spring Data JDBC repositories in DEFAULT mode.
[23-09-14 15:39:47] INFO  o.s.d.r.c.RepositoryConfigurationDelegate - Finished Spring Data repository scanning in 5 ms. Found 0 JDBC repository interfaces.
[23-09-14 15:39:48] INFO  o.s.b.w.e.tomcat.TomcatWebServer - Tomcat initialized with port(s): 9090 (http)
[23-09-14 15:39:48] INFO  o.a.coyote.http11.Http11NioProtocol - Initializing ProtocolHandler ["http-nio-9090"]
[23-09-14 15:39:48] INFO  o.a.catalina.core.StandardService - Starting service [Tomcat]
[23-09-14 15:39:48] INFO  o.a.catalina.core.StandardEngine - Starting Servlet engine: [Apache Tomcat/10.1.12]
[23-09-14 15:39:48] INFO  o.a.c.c.C.[Tomcat].[localhost].[/] - Initializing Spring embedded WebApplicationContext
[23-09-14 15:39:48] INFO  o.s.b.w.s.c.ServletWebServerApplicationContext - Root WebApplicationContext: initialization completed in 1170 ms
[23-09-14 15:39:48] INFO  o.s.b.a.w.s.WelcomePageHandlerMapping - Adding welcome page template: index
[23-09-14 15:39:48] INFO  com.zaxxer.hikari.HikariDataSource - HikariPool-1 - Starting...
[23-09-14 15:39:48] INFO  log4jdbc.log4j2 - 1. Connection opened. {executed in 163ms} 
[23-09-14 15:39:48] INFO  log4jdbc.log4j2 - 1. Connection.new Connection returned 
[23-09-14 15:39:48] INFO  log4jdbc.log4j2 - 1. Connection.getNetworkTimeout() returned 0
[23-09-14 15:39:48] INFO  log4jdbc.log4j2 - 1. Connection.isReadOnly() returned false
[23-09-14 15:39:48] INFO  log4jdbc.log4j2 - 1. Connection.getAutoCommit() returned true
[23-09-14 15:39:48] INFO  log4jdbc.log4j2 - 1. Connection.isValid(1) returned true
[23-09-14 15:39:48] INFO  log4jdbc.log4j2 - 1. Connection.getTransactionIsolation() returned 2
[23-09-14 15:39:48] INFO  com.zaxxer.hikari.pool.HikariPool - HikariPool-1 - Added connection net.sf.log4jdbc.sql.jdbcapi.ConnectionSpy@25db4881
[23-09-14 15:39:49] INFO  com.zaxxer.hikari.HikariDataSource - HikariPool-1 - Start completed.
[23-09-14 15:39:49] INFO  log4jdbc.log4j2 - 1. Connection.getMetaData() returned oracle.jdbc.driver.OracleDatabaseMetaData@3e577210
[23-09-14 15:39:49] INFO  log4jdbc.log4j2 - 1. Connection.clearWarnings() returned 
[23-09-14 15:39:49] INFO  o.s.b.d.a.OptionalLiveReloadServer - LiveReload server is running on port 35729
[23-09-14 15:39:49] INFO  log4jdbc.log4j2 - 2. Connection opened. {executed in 16ms} 
[23-09-14 15:39:49] INFO  log4jdbc.log4j2 - 2. Connection.new Connection returned 
[23-09-14 15:39:49] INFO  log4jdbc.log4j2 - 2. Connection.isReadOnly() returned false
[23-09-14 15:39:49] INFO  log4jdbc.log4j2 - 2. Connection.getAutoCommit() returned true
[23-09-14 15:39:49] INFO  o.a.coyote.http11.Http11NioProtocol - Starting ProtocolHandler ["http-nio-9090"]
[23-09-14 15:39:49] INFO  o.s.b.w.e.tomcat.TomcatWebServer - Tomcat started on port(s): 9090 (http) with context path ''
[23-09-14 15:39:49] INFO  log4jdbc.log4j2 - 3. Connection opened. {executed in 13ms} 
[23-09-14 15:39:49] INFO  log4jdbc.log4j2 - 3. Connection.new Connection returned 
[23-09-14 15:39:49] INFO  log4jdbc.log4j2 - 3. Connection.isReadOnly() returned false
[23-09-14 15:39:49] INFO  log4jdbc.log4j2 - 3. Connection.getAutoCommit() returned true
[23-09-14 15:39:49] INFO  com.wesely.WeselyWebApplication - Started WeselyWebApplication in 2.583 seconds (process running for 3.406)
[23-09-14 15:39:49] INFO  log4jdbc.log4j2 - 4. Connection opened. {executed in 12ms} 
[23-09-14 15:39:49] INFO  log4jdbc.log4j2 - 4. Connection.new Connection returned 
[23-09-14 15:39:49] INFO  log4jdbc.log4j2 - 4. Connection.isReadOnly() returned false
[23-09-14 15:39:49] INFO  log4jdbc.log4j2 - 4. Connection.getAutoCommit() returned true
[23-09-14 15:39:49] INFO  log4jdbc.log4j2 - 5. Connection opened. {executed in 23ms} 
[23-09-14 15:39:49] INFO  log4jdbc.log4j2 - 5. Connection.new Connection returned 
[23-09-14 15:39:49] INFO  log4jdbc.log4j2 - 5. Connection.isReadOnly() returned false
[23-09-14 15:39:49] INFO  log4jdbc.log4j2 - 5. Connection.getAutoCommit() returned true
[23-09-14 15:39:49] INFO  log4jdbc.log4j2 - 6. Connection opened. {executed in 12ms} 
[23-09-14 15:39:49] INFO  log4jdbc.log4j2 - 6. Connection.new Connection returned 
[23-09-14 15:39:49] INFO  log4jdbc.log4j2 - 6. Connection.isReadOnly() returned false
[23-09-14 15:39:49] INFO  log4jdbc.log4j2 - 6. Connection.getAutoCommit() returned true
[23-09-14 15:39:49] INFO  log4jdbc.log4j2 - 7. Connection opened. {executed in 12ms} 
[23-09-14 15:39:49] INFO  log4jdbc.log4j2 - 7. Connection.new Connection returned 
[23-09-14 15:39:49] INFO  log4jdbc.log4j2 - 7. Connection.isReadOnly() returned false
[23-09-14 15:39:49] INFO  log4jdbc.log4j2 - 7. Connection.getAutoCommit() returned true
[23-09-14 15:39:49] INFO  log4jdbc.log4j2 - 8. Connection opened. {executed in 14ms} 
[23-09-14 15:39:49] INFO  log4jdbc.log4j2 - 8. Connection.new Connection returned 
[23-09-14 15:39:49] INFO  log4jdbc.log4j2 - 8. Connection.isReadOnly() returned false
[23-09-14 15:39:49] INFO  log4jdbc.log4j2 - 8. Connection.getAutoCommit() returned true
[23-09-14 15:39:49] INFO  log4jdbc.log4j2 - 9. Connection opened. {executed in 13ms} 
[23-09-14 15:39:49] INFO  log4jdbc.log4j2 - 9. Connection.new Connection returned 
[23-09-14 15:39:49] INFO  log4jdbc.log4j2 - 9. Connection.isReadOnly() returned false
[23-09-14 15:39:49] INFO  log4jdbc.log4j2 - 9. Connection.getAutoCommit() returned true
[23-09-14 15:39:49] INFO  log4jdbc.log4j2 - 10. Connection opened. {executed in 13ms} 
[23-09-14 15:39:49] INFO  log4jdbc.log4j2 - 10. Connection.new Connection returned 
[23-09-14 15:39:49] INFO  log4jdbc.log4j2 - 10. Connection.isReadOnly() returned false
[23-09-14 15:39:49] INFO  log4jdbc.log4j2 - 10. Connection.getAutoCommit() returned true
[23-09-14 15:39:55] INFO  o.a.c.c.C.[Tomcat].[localhost].[/] - Initializing Spring DispatcherServlet 'dispatcherServlet'
[23-09-14 15:39:55] INFO  o.s.web.servlet.DispatcherServlet - Initializing Servlet 'dispatcherServlet'
[23-09-14 15:39:55] INFO  o.s.web.servlet.DispatcherServlet - Completed initialization in 1 ms
[23-09-14 15:41:12] INFO  o.s.b.d.a.LocalDevToolsAutoConfiguration$RestartingClassPathChangeChangedEventListener - Restarting due to 29 class path changes (0 additions, 29 deletions, 0 modifications)
[23-09-14 15:41:12] INFO  o.a.coyote.http11.Http11NioProtocol - Pausing ProtocolHandler ["http-nio-9090"]
[23-09-14 15:41:12] INFO  o.a.catalina.core.StandardService - Stopping service [Tomcat]
[23-09-14 15:41:12] INFO  o.a.c.c.C.[Tomcat].[localhost].[/] - Destroying Spring FrameworkServlet 'dispatcherServlet'
[23-09-14 15:41:12] INFO  o.a.coyote.http11.Http11NioProtocol - Stopping ProtocolHandler ["http-nio-9090"]
[23-09-14 15:41:12] INFO  o.a.coyote.http11.Http11NioProtocol - Destroying ProtocolHandler ["http-nio-9090"]
[23-09-14 15:41:12] INFO  com.zaxxer.hikari.HikariDataSource - HikariPool-1 - Shutdown initiated...
[23-09-14 15:41:12] INFO  log4jdbc.log4j2 - 1. Connection closed. {executed in 1ms} 
[23-09-14 15:41:12] INFO  log4jdbc.log4j2 - 1. Connection.close() returned 
[23-09-14 15:41:12] INFO  log4jdbc.log4j2 - 2. Connection closed. {executed in 1ms} 
[23-09-14 15:41:12] INFO  log4jdbc.log4j2 - 2. Connection.close() returned 
[23-09-14 15:41:12] INFO  log4jdbc.log4j2 - 3. Connection closed. {executed in 0ms} 
[23-09-14 15:41:12] INFO  log4jdbc.log4j2 - 3. Connection.close() returned 
[23-09-14 15:41:12] INFO  log4jdbc.log4j2 - 4. Connection closed. {executed in 0ms} 
[23-09-14 15:41:12] INFO  log4jdbc.log4j2 - 4. Connection.close() returned 
[23-09-14 15:41:12] INFO  log4jdbc.log4j2 - 5. Connection closed. {executed in 1ms} 
[23-09-14 15:41:12] INFO  log4jdbc.log4j2 - 5. Connection.close() returned 
[23-09-14 15:41:12] INFO  log4jdbc.log4j2 - 6. Connection closed. {executed in 0ms} 
[23-09-14 15:41:12] INFO  log4jdbc.log4j2 - 6. Connection.close() returned 
[23-09-14 15:41:12] INFO  log4jdbc.log4j2 - 7. Connection closed. {executed in 0ms} 
[23-09-14 15:41:12] INFO  log4jdbc.log4j2 - 7. Connection.close() returned 
[23-09-14 15:41:12] INFO  log4jdbc.log4j2 - 8. Connection closed. {executed in 1ms} 
[23-09-14 15:41:12] INFO  log4jdbc.log4j2 - 8. Connection.close() returned 
[23-09-14 15:41:12] INFO  log4jdbc.log4j2 - 9. Connection closed. {executed in 0ms} 
[23-09-14 15:41:12] INFO  log4jdbc.log4j2 - 9. Connection.close() returned 
[23-09-14 15:41:12] INFO  log4jdbc.log4j2 - 10. Connection closed. {executed in 0ms} 
[23-09-14 15:41:12] INFO  log4jdbc.log4j2 - 10. Connection.close() returned 
[23-09-14 15:41:12] INFO  com.zaxxer.hikari.HikariDataSource - HikariPool-1 - Shutdown completed.
[23-09-14 15:41:28] INFO  com.wesely.WeselyWebApplication - Starting WeselyWebApplication using Java 17.0.7 with PID 9820 (C:\Users\dw-016\git\wesely-web\weselyWeb\target\classes started by dw-016 in C:\Users\dw-016\git\wesely-web\weselyWeb)
[23-09-14 15:41:28] INFO  com.wesely.WeselyWebApplication - The following 1 profile is active: "local"
[23-09-14 15:41:29] INFO  o.s.b.d.restart.ChangeableUrls - The Class-Path manifest attribute in C:\Users\dw-016\.m2\repository\com\oracle\database\jdbc\ojdbc8\21.9.0.0\ojdbc8-21.9.0.0.jar referenced one or more files that do not exist: file:/C:/Users/dw-016/.m2/repository/com/oracle/database/jdbc/ojdbc8/21.9.0.0/oraclepki.jar
[23-09-14 15:41:29] INFO  o.s.b.d.e.DevToolsPropertyDefaultsPostProcessor - Devtools property defaults active! Set 'spring.devtools.add-properties' to 'false' to disable
[23-09-14 15:41:29] INFO  o.s.b.d.e.DevToolsPropertyDefaultsPostProcessor - For additional web related logging consider setting the 'logging.level.web' property to 'DEBUG'
[23-09-14 15:41:29] INFO  o.s.d.r.c.RepositoryConfigurationDelegate - Bootstrapping Spring Data JDBC repositories in DEFAULT mode.
[23-09-14 15:41:29] INFO  o.s.d.r.c.RepositoryConfigurationDelegate - Finished Spring Data repository scanning in 5 ms. Found 0 JDBC repository interfaces.
[23-09-14 15:41:30] INFO  o.s.b.w.e.tomcat.TomcatWebServer - Tomcat initialized with port(s): 9090 (http)
[23-09-14 15:41:30] INFO  o.a.coyote.http11.Http11NioProtocol - Initializing ProtocolHandler ["http-nio-9090"]
[23-09-14 15:41:30] INFO  o.a.catalina.core.StandardService - Starting service [Tomcat]
[23-09-14 15:41:30] INFO  o.a.catalina.core.StandardEngine - Starting Servlet engine: [Apache Tomcat/10.1.12]
[23-09-14 15:41:30] INFO  o.a.c.c.C.[Tomcat].[localhost].[/] - Initializing Spring embedded WebApplicationContext
[23-09-14 15:41:30] INFO  o.s.b.w.s.c.ServletWebServerApplicationContext - Root WebApplicationContext: initialization completed in 1225 ms
[23-09-14 15:41:30] INFO  o.s.b.a.w.s.WelcomePageHandlerMapping - Adding welcome page template: index
[23-09-14 15:41:30] INFO  com.zaxxer.hikari.HikariDataSource - HikariPool-1 - Starting...
[23-09-14 15:41:31] INFO  log4jdbc.log4j2 - 1. Connection opened. {executed in 165ms} 
[23-09-14 15:41:31] INFO  log4jdbc.log4j2 - 1. Connection.new Connection returned 
[23-09-14 15:41:31] INFO  log4jdbc.log4j2 - 1. Connection.getNetworkTimeout() returned 0
[23-09-14 15:41:31] INFO  log4jdbc.log4j2 - 1. Connection.isReadOnly() returned false
[23-09-14 15:41:31] INFO  log4jdbc.log4j2 - 1. Connection.getAutoCommit() returned true
[23-09-14 15:41:31] INFO  log4jdbc.log4j2 - 1. Connection.isValid(1) returned true
[23-09-14 15:41:31] INFO  log4jdbc.log4j2 - 1. Connection.getTransactionIsolation() returned 2
[23-09-14 15:41:31] INFO  com.zaxxer.hikari.pool.HikariPool - HikariPool-1 - Added connection net.sf.log4jdbc.sql.jdbcapi.ConnectionSpy@32fe915f
[23-09-14 15:41:31] INFO  com.zaxxer.hikari.HikariDataSource - HikariPool-1 - Start completed.
[23-09-14 15:41:31] INFO  log4jdbc.log4j2 - 1. Connection.getMetaData() returned oracle.jdbc.driver.OracleDatabaseMetaData@3c0bb108
[23-09-14 15:41:31] INFO  log4jdbc.log4j2 - 1. Connection.clearWarnings() returned 
[23-09-14 15:41:31] INFO  o.s.b.d.a.OptionalLiveReloadServer - LiveReload server is running on port 35729
[23-09-14 15:41:31] INFO  o.a.coyote.http11.Http11NioProtocol - Starting ProtocolHandler ["http-nio-9090"]
[23-09-14 15:41:31] INFO  log4jdbc.log4j2 - 2. Connection opened. {executed in 16ms} 
[23-09-14 15:41:31] INFO  log4jdbc.log4j2 - 2. Connection.new Connection returned 
[23-09-14 15:41:31] INFO  log4jdbc.log4j2 - 2. Connection.isReadOnly() returned false
[23-09-14 15:41:31] INFO  log4jdbc.log4j2 - 2. Connection.getAutoCommit() returned true
[23-09-14 15:41:31] INFO  o.s.b.w.e.tomcat.TomcatWebServer - Tomcat started on port(s): 9090 (http) with context path ''
[23-09-14 15:41:31] INFO  com.wesely.WeselyWebApplication - Started WeselyWebApplication in 2.583 seconds (process running for 3.377)
[23-09-14 15:41:31] INFO  log4jdbc.log4j2 - 3. Connection opened. {executed in 13ms} 
[23-09-14 15:41:31] INFO  log4jdbc.log4j2 - 3. Connection.new Connection returned 
[23-09-14 15:41:31] INFO  log4jdbc.log4j2 - 3. Connection.isReadOnly() returned false
[23-09-14 15:41:31] INFO  log4jdbc.log4j2 - 3. Connection.getAutoCommit() returned true
[23-09-14 15:41:31] INFO  log4jdbc.log4j2 - 4. Connection opened. {executed in 12ms} 
[23-09-14 15:41:31] INFO  log4jdbc.log4j2 - 4. Connection.new Connection returned 
[23-09-14 15:41:31] INFO  log4jdbc.log4j2 - 4. Connection.isReadOnly() returned false
[23-09-14 15:41:31] INFO  log4jdbc.log4j2 - 4. Connection.getAutoCommit() returned true
[23-09-14 15:41:31] INFO  log4jdbc.log4j2 - 5. Connection opened. {executed in 18ms} 
[23-09-14 15:41:31] INFO  log4jdbc.log4j2 - 5. Connection.new Connection returned 
[23-09-14 15:41:31] INFO  log4jdbc.log4j2 - 5. Connection.isReadOnly() returned false
[23-09-14 15:41:31] INFO  log4jdbc.log4j2 - 5. Connection.getAutoCommit() returned true
[23-09-14 15:41:31] INFO  log4jdbc.log4j2 - 6. Connection opened. {executed in 12ms} 
[23-09-14 15:41:31] INFO  log4jdbc.log4j2 - 6. Connection.new Connection returned 
[23-09-14 15:41:31] INFO  log4jdbc.log4j2 - 6. Connection.isReadOnly() returned false
[23-09-14 15:41:31] INFO  log4jdbc.log4j2 - 6. Connection.getAutoCommit() returned true
[23-09-14 15:41:31] INFO  log4jdbc.log4j2 - 7. Connection opened. {executed in 12ms} 
[23-09-14 15:41:31] INFO  log4jdbc.log4j2 - 7. Connection.new Connection returned 
[23-09-14 15:41:31] INFO  log4jdbc.log4j2 - 7. Connection.isReadOnly() returned false
[23-09-14 15:41:31] INFO  log4jdbc.log4j2 - 7. Connection.getAutoCommit() returned true
[23-09-14 15:41:31] INFO  log4jdbc.log4j2 - 8. Connection opened. {executed in 12ms} 
[23-09-14 15:41:31] INFO  log4jdbc.log4j2 - 8. Connection.new Connection returned 
[23-09-14 15:41:31] INFO  log4jdbc.log4j2 - 8. Connection.isReadOnly() returned false
[23-09-14 15:41:31] INFO  log4jdbc.log4j2 - 8. Connection.getAutoCommit() returned true
[23-09-14 15:41:31] INFO  log4jdbc.log4j2 - 9. Connection opened. {executed in 15ms} 
[23-09-14 15:41:31] INFO  log4jdbc.log4j2 - 9. Connection.new Connection returned 
[23-09-14 15:41:31] INFO  log4jdbc.log4j2 - 9. Connection.isReadOnly() returned false
[23-09-14 15:41:31] INFO  log4jdbc.log4j2 - 9. Connection.getAutoCommit() returned true
[23-09-14 15:41:31] INFO  log4jdbc.log4j2 - 10. Connection opened. {executed in 12ms} 
[23-09-14 15:41:31] INFO  log4jdbc.log4j2 - 10. Connection.new Connection returned 
[23-09-14 15:41:31] INFO  log4jdbc.log4j2 - 10. Connection.isReadOnly() returned false
[23-09-14 15:41:31] INFO  log4jdbc.log4j2 - 10. Connection.getAutoCommit() returned true
[23-09-14 15:41:37] INFO  o.a.c.c.C.[Tomcat].[localhost].[/] - Initializing Spring DispatcherServlet 'dispatcherServlet'
[23-09-14 15:41:37] INFO  o.s.web.servlet.DispatcherServlet - Initializing Servlet 'dispatcherServlet'
[23-09-14 15:41:37] INFO  o.s.web.servlet.DispatcherServlet - Completed initialization in 1 ms
[23-09-14 15:43:25] INFO  o.s.b.a.SpringApplicationAdminMXBeanRegistrar$SpringApplicationAdmin - Application shutdown requested.
[23-09-14 15:43:25] INFO  o.a.coyote.http11.Http11NioProtocol - Pausing ProtocolHandler ["http-nio-9090"]
[23-09-14 15:43:25] INFO  o.a.catalina.core.StandardService - Stopping service [Tomcat]
[23-09-14 15:43:25] INFO  o.a.c.c.C.[Tomcat].[localhost].[/] - Destroying Spring FrameworkServlet 'dispatcherServlet'
[23-09-14 15:43:25] INFO  o.a.coyote.http11.Http11NioProtocol - Stopping ProtocolHandler ["http-nio-9090"]
[23-09-14 15:43:25] INFO  com.zaxxer.hikari.HikariDataSource - HikariPool-1 - Shutdown initiated...
[23-09-14 15:43:25] INFO  log4jdbc.log4j2 - 1. Connection closed. {executed in 1ms} 
[23-09-14 15:43:25] INFO  log4jdbc.log4j2 - 1. Connection.close() returned 
[23-09-14 15:43:25] INFO  log4jdbc.log4j2 - 2. Connection closed. {executed in 1ms} 
[23-09-14 15:43:25] INFO  log4jdbc.log4j2 - 2. Connection.close() returned 
[23-09-14 15:43:25] INFO  log4jdbc.log4j2 - 3. Connection closed. {executed in 0ms} 
[23-09-14 15:43:25] INFO  log4jdbc.log4j2 - 3. Connection.close() returned 
[23-09-14 15:43:25] INFO  log4jdbc.log4j2 - 4. Connection closed. {executed in 1ms} 
[23-09-14 15:43:25] INFO  log4jdbc.log4j2 - 4. Connection.close() returned 
[23-09-14 15:43:25] INFO  log4jdbc.log4j2 - 5. Connection closed. {executed in 0ms} 
[23-09-14 15:43:25] INFO  log4jdbc.log4j2 - 5. Connection.close() returned 
[23-09-14 15:43:25] INFO  log4jdbc.log4j2 - 6. Connection closed. {executed in 1ms} 
[23-09-14 15:43:25] INFO  log4jdbc.log4j2 - 6. Connection.close() returned 
[23-09-14 15:43:25] INFO  log4jdbc.log4j2 - 7. Connection closed. {executed in 1ms} 
[23-09-14 15:43:25] INFO  log4jdbc.log4j2 - 7. Connection.close() returned 
[23-09-14 15:43:25] INFO  log4jdbc.log4j2 - 8. Connection closed. {executed in 0ms} 
[23-09-14 15:43:25] INFO  log4jdbc.log4j2 - 8. Connection.close() returned 
[23-09-14 15:43:25] INFO  log4jdbc.log4j2 - 9. Connection closed. {executed in 0ms} 
[23-09-14 15:43:25] INFO  log4jdbc.log4j2 - 9. Connection.close() returned 
[23-09-14 15:43:25] INFO  log4jdbc.log4j2 - 10. Connection closed. {executed in 1ms} 
[23-09-14 15:43:25] INFO  log4jdbc.log4j2 - 10. Connection.close() returned 
[23-09-14 15:43:25] INFO  com.zaxxer.hikari.HikariDataSource - HikariPool-1 - Shutdown completed.
[23-09-14 15:43:30] INFO  com.wesely.WeselyWebApplication - Starting WeselyWebApplication using Java 17.0.7 with PID 9864 (C:\Users\dw-016\git\wesely-web\weselyWeb\target\classes started by dw-016 in C:\Users\dw-016\git\wesely-web\weselyWeb)
[23-09-14 15:43:30] INFO  com.wesely.WeselyWebApplication - The following 1 profile is active: "local"
[23-09-14 15:43:30] INFO  o.s.b.d.restart.ChangeableUrls - The Class-Path manifest attribute in C:\Users\dw-016\.m2\repository\com\oracle\database\jdbc\ojdbc8\21.9.0.0\ojdbc8-21.9.0.0.jar referenced one or more files that do not exist: file:/C:/Users/dw-016/.m2/repository/com/oracle/database/jdbc/ojdbc8/21.9.0.0/oraclepki.jar
[23-09-14 15:43:30] INFO  o.s.b.d.e.DevToolsPropertyDefaultsPostProcessor - Devtools property defaults active! Set 'spring.devtools.add-properties' to 'false' to disable
[23-09-14 15:43:30] INFO  o.s.b.d.e.DevToolsPropertyDefaultsPostProcessor - For additional web related logging consider setting the 'logging.level.web' property to 'DEBUG'
[23-09-14 15:43:31] INFO  o.s.d.r.c.RepositoryConfigurationDelegate - Bootstrapping Spring Data JDBC repositories in DEFAULT mode.
[23-09-14 15:43:31] INFO  o.s.d.r.c.RepositoryConfigurationDelegate - Finished Spring Data repository scanning in 5 ms. Found 0 JDBC repository interfaces.
[23-09-14 15:43:31] INFO  o.s.b.w.e.tomcat.TomcatWebServer - Tomcat initialized with port(s): 9090 (http)
[23-09-14 15:43:31] INFO  o.a.coyote.http11.Http11NioProtocol - Initializing ProtocolHandler ["http-nio-9090"]
[23-09-14 15:43:31] INFO  o.a.catalina.core.StandardService - Starting service [Tomcat]
[23-09-14 15:43:31] INFO  o.a.catalina.core.StandardEngine - Starting Servlet engine: [Apache Tomcat/10.1.12]
[23-09-14 15:43:31] INFO  o.a.c.c.C.[Tomcat].[localhost].[/] - Initializing Spring embedded WebApplicationContext
[23-09-14 15:43:31] INFO  o.s.b.w.s.c.ServletWebServerApplicationContext - Root WebApplicationContext: initialization completed in 1063 ms
[23-09-14 15:43:32] INFO  o.s.b.a.w.s.WelcomePageHandlerMapping - Adding welcome page template: index
[23-09-14 15:43:32] INFO  com.zaxxer.hikari.HikariDataSource - HikariPool-1 - Starting...
[23-09-14 15:43:32] INFO  log4jdbc.log4j2 - 1. Connection opened. {executed in 167ms} 
[23-09-14 15:43:32] INFO  log4jdbc.log4j2 - 1. Connection.new Connection returned 
[23-09-14 15:43:32] INFO  log4jdbc.log4j2 - 1. Connection.getNetworkTimeout() returned 0
[23-09-14 15:43:32] INFO  log4jdbc.log4j2 - 1. Connection.isReadOnly() returned false
[23-09-14 15:43:32] INFO  log4jdbc.log4j2 - 1. Connection.getAutoCommit() returned true
[23-09-14 15:43:32] INFO  log4jdbc.log4j2 - 1. Connection.isValid(1) returned true
[23-09-14 15:43:32] INFO  log4jdbc.log4j2 - 1. Connection.getTransactionIsolation() returned 2
[23-09-14 15:43:32] INFO  com.zaxxer.hikari.pool.HikariPool - HikariPool-1 - Added connection net.sf.log4jdbc.sql.jdbcapi.ConnectionSpy@32fe915f
[23-09-14 15:43:32] INFO  com.zaxxer.hikari.HikariDataSource - HikariPool-1 - Start completed.
[23-09-14 15:43:32] INFO  log4jdbc.log4j2 - 1. Connection.getMetaData() returned oracle.jdbc.driver.OracleDatabaseMetaData@3c0bb108
[23-09-14 15:43:32] INFO  log4jdbc.log4j2 - 1. Connection.clearWarnings() returned 
[23-09-14 15:43:32] INFO  o.s.b.d.a.OptionalLiveReloadServer - LiveReload server is running on port 35729
[23-09-14 15:43:32] INFO  o.a.coyote.http11.Http11NioProtocol - Starting ProtocolHandler ["http-nio-9090"]
[23-09-14 15:43:32] INFO  log4jdbc.log4j2 - 2. Connection opened. {executed in 14ms} 
[23-09-14 15:43:32] INFO  log4jdbc.log4j2 - 2. Connection.new Connection returned 
[23-09-14 15:43:32] INFO  log4jdbc.log4j2 - 2. Connection.isReadOnly() returned false
[23-09-14 15:43:32] INFO  log4jdbc.log4j2 - 2. Connection.getAutoCommit() returned true
[23-09-14 15:43:32] INFO  o.s.b.w.e.tomcat.TomcatWebServer - Tomcat started on port(s): 9090 (http) with context path ''
[23-09-14 15:43:32] INFO  com.wesely.WeselyWebApplication - Started WeselyWebApplication in 2.389 seconds (process running for 3.134)
[23-09-14 15:43:32] INFO  log4jdbc.log4j2 - 3. Connection opened. {executed in 13ms} 
[23-09-14 15:43:32] INFO  log4jdbc.log4j2 - 3. Connection.new Connection returned 
[23-09-14 15:43:32] INFO  log4jdbc.log4j2 - 3. Connection.isReadOnly() returned false
[23-09-14 15:43:32] INFO  log4jdbc.log4j2 - 3. Connection.getAutoCommit() returned true
[23-09-14 15:43:32] INFO  log4jdbc.log4j2 - 4. Connection opened. {executed in 14ms} 
[23-09-14 15:43:32] INFO  log4jdbc.log4j2 - 4. Connection.new Connection returned 
[23-09-14 15:43:32] INFO  log4jdbc.log4j2 - 4. Connection.isReadOnly() returned false
[23-09-14 15:43:32] INFO  log4jdbc.log4j2 - 4. Connection.getAutoCommit() returned true
[23-09-14 15:43:32] INFO  log4jdbc.log4j2 - 5. Connection opened. {executed in 15ms} 
[23-09-14 15:43:32] INFO  log4jdbc.log4j2 - 5. Connection.new Connection returned 
[23-09-14 15:43:32] INFO  log4jdbc.log4j2 - 5. Connection.isReadOnly() returned false
[23-09-14 15:43:32] INFO  log4jdbc.log4j2 - 5. Connection.getAutoCommit() returned true
[23-09-14 15:43:32] INFO  log4jdbc.log4j2 - 6. Connection opened. {executed in 12ms} 
[23-09-14 15:43:32] INFO  log4jdbc.log4j2 - 6. Connection.new Connection returned 
[23-09-14 15:43:32] INFO  log4jdbc.log4j2 - 6. Connection.isReadOnly() returned false
[23-09-14 15:43:32] INFO  log4jdbc.log4j2 - 6. Connection.getAutoCommit() returned true
[23-09-14 15:43:32] INFO  log4jdbc.log4j2 - 7. Connection opened. {executed in 13ms} 
[23-09-14 15:43:32] INFO  log4jdbc.log4j2 - 7. Connection.new Connection returned 
[23-09-14 15:43:32] INFO  log4jdbc.log4j2 - 7. Connection.isReadOnly() returned false
[23-09-14 15:43:32] INFO  log4jdbc.log4j2 - 7. Connection.getAutoCommit() returned true
[23-09-14 15:43:32] INFO  log4jdbc.log4j2 - 8. Connection opened. {executed in 13ms} 
[23-09-14 15:43:32] INFO  log4jdbc.log4j2 - 8. Connection.new Connection returned 
[23-09-14 15:43:32] INFO  log4jdbc.log4j2 - 8. Connection.isReadOnly() returned false
[23-09-14 15:43:32] INFO  log4jdbc.log4j2 - 8. Connection.getAutoCommit() returned true
[23-09-14 15:43:32] INFO  log4jdbc.log4j2 - 9. Connection opened. {executed in 12ms} 
[23-09-14 15:43:32] INFO  log4jdbc.log4j2 - 9. Connection.new Connection returned 
[23-09-14 15:43:32] INFO  log4jdbc.log4j2 - 9. Connection.isReadOnly() returned false
[23-09-14 15:43:32] INFO  log4jdbc.log4j2 - 9. Connection.getAutoCommit() returned true
[23-09-14 15:43:32] INFO  log4jdbc.log4j2 - 10. Connection opened. {executed in 12ms} 
[23-09-14 15:43:32] INFO  log4jdbc.log4j2 - 10. Connection.new Connection returned 
[23-09-14 15:43:32] INFO  log4jdbc.log4j2 - 10. Connection.isReadOnly() returned false
[23-09-14 15:43:32] INFO  log4jdbc.log4j2 - 10. Connection.getAutoCommit() returned true
[23-09-14 15:43:36] INFO  o.a.c.c.C.[Tomcat].[localhost].[/] - Initializing Spring DispatcherServlet 'dispatcherServlet'
[23-09-14 15:43:36] INFO  o.s.web.servlet.DispatcherServlet - Initializing Servlet 'dispatcherServlet'
[23-09-14 15:43:36] INFO  o.s.web.servlet.DispatcherServlet - Completed initialization in 2 ms
[23-09-14 16:13:47] INFO  com.wesely.WeselyWebApplication - Starting WeselyWebApplication using Java 17.0.7 with PID 14316 (C:\Users\admin\git\wesely-web\weselyWeb\target\classes started by admin in C:\Users\admin\git\wesely-web\weselyWeb)
[23-09-14 16:13:47] INFO  com.wesely.WeselyWebApplication - The following 1 profile is active: "local"
[23-09-14 16:13:47] INFO  o.s.b.d.restart.ChangeableUrls - The Class-Path manifest attribute in C:\Users\admin\.m2\repository\com\oracle\database\jdbc\ojdbc8\21.9.0.0\ojdbc8-21.9.0.0.jar referenced one or more files that do not exist: file:/C:/Users/admin/.m2/repository/com/oracle/database/jdbc/ojdbc8/21.9.0.0/oraclepki.jar
[23-09-14 16:13:47] INFO  o.s.b.d.e.DevToolsPropertyDefaultsPostProcessor - Devtools property defaults active! Set 'spring.devtools.add-properties' to 'false' to disable
[23-09-14 16:13:47] INFO  o.s.b.d.e.DevToolsPropertyDefaultsPostProcessor - For additional web related logging consider setting the 'logging.level.web' property to 'DEBUG'
[23-09-14 16:13:48] INFO  o.s.d.r.c.RepositoryConfigurationDelegate - Bootstrapping Spring Data JDBC repositories in DEFAULT mode.
[23-09-14 16:13:48] INFO  o.s.d.r.c.RepositoryConfigurationDelegate - Finished Spring Data repository scanning in 4 ms. Found 0 JDBC repository interfaces.
[23-09-14 16:13:48] INFO  o.s.b.w.e.tomcat.TomcatWebServer - Tomcat initialized with port(s): 9090 (http)
[23-09-14 16:13:48] INFO  o.a.coyote.http11.Http11NioProtocol - Initializing ProtocolHandler ["http-nio-9090"]
[23-09-14 16:13:48] INFO  o.a.catalina.core.StandardService - Starting service [Tomcat]
[23-09-14 16:13:48] INFO  o.a.catalina.core.StandardEngine - Starting Servlet engine: [Apache Tomcat/10.1.12]
[23-09-14 16:13:48] INFO  o.a.c.c.C.[Tomcat].[localhost].[/] - Initializing Spring embedded WebApplicationContext
[23-09-14 16:13:48] INFO  o.s.b.w.s.c.ServletWebServerApplicationContext - Root WebApplicationContext: initialization completed in 1145 ms
[23-09-14 16:13:49] INFO  o.s.b.a.w.s.WelcomePageHandlerMapping - Adding welcome page template: index
[23-09-14 16:13:49] INFO  com.zaxxer.hikari.HikariDataSource - HikariPool-1 - Starting...
[23-09-14 16:13:49] INFO  log4jdbc.log4j2 - 1. Connection opened. {executed in 173ms} 
[23-09-14 16:13:49] INFO  log4jdbc.log4j2 - 1. Connection.new Connection returned 
[23-09-14 16:13:49] INFO  log4jdbc.log4j2 - 1. Connection.getNetworkTimeout() returned 0
[23-09-14 16:13:49] INFO  log4jdbc.log4j2 - 1. Connection.isReadOnly() returned false
[23-09-14 16:13:49] INFO  log4jdbc.log4j2 - 1. Connection.getAutoCommit() returned true
[23-09-14 16:13:49] INFO  log4jdbc.log4j2 - 1. Connection.isValid(1) returned true
[23-09-14 16:13:49] INFO  log4jdbc.log4j2 - 1. Connection.getTransactionIsolation() returned 2
[23-09-14 16:13:49] INFO  com.zaxxer.hikari.pool.HikariPool - HikariPool-1 - Added connection net.sf.log4jdbc.sql.jdbcapi.ConnectionSpy@38b5623b
[23-09-14 16:13:49] INFO  com.zaxxer.hikari.HikariDataSource - HikariPool-1 - Start completed.
[23-09-14 16:13:49] INFO  log4jdbc.log4j2 - 1. Connection.getMetaData() returned oracle.jdbc.driver.OracleDatabaseMetaData@7ea844f2
[23-09-14 16:13:49] INFO  log4jdbc.log4j2 - 1. Connection.clearWarnings() returned 
[23-09-14 16:13:49] INFO  o.s.b.d.a.OptionalLiveReloadServer - LiveReload server is running on port 35729
[23-09-14 16:13:49] INFO  log4jdbc.log4j2 - 2. Connection opened. {executed in 14ms} 
[23-09-14 16:13:49] INFO  log4jdbc.log4j2 - 2. Connection.new Connection returned 
[23-09-14 16:13:49] INFO  log4jdbc.log4j2 - 2. Connection.isReadOnly() returned false
[23-09-14 16:13:49] INFO  log4jdbc.log4j2 - 2. Connection.getAutoCommit() returned true
[23-09-14 16:13:49] INFO  o.a.coyote.http11.Http11NioProtocol - Starting ProtocolHandler ["http-nio-9090"]
[23-09-14 16:13:49] INFO  o.s.b.w.e.tomcat.TomcatWebServer - Tomcat started on port(s): 9090 (http) with context path ''
[23-09-14 16:13:49] INFO  log4jdbc.log4j2 - 3. Connection opened. {executed in 12ms} 
[23-09-14 16:13:49] INFO  log4jdbc.log4j2 - 3. Connection.new Connection returned 
[23-09-14 16:13:49] INFO  log4jdbc.log4j2 - 3. Connection.isReadOnly() returned false
[23-09-14 16:13:49] INFO  log4jdbc.log4j2 - 3. Connection.getAutoCommit() returned true
[23-09-14 16:13:49] INFO  com.wesely.WeselyWebApplication - Started WeselyWebApplication in 2.55 seconds (process running for 3.28)
[23-09-14 16:13:49] INFO  log4jdbc.log4j2 - 4. Connection opened. {executed in 12ms} 
[23-09-14 16:13:49] INFO  log4jdbc.log4j2 - 4. Connection.new Connection returned 
[23-09-14 16:13:49] INFO  log4jdbc.log4j2 - 4. Connection.isReadOnly() returned false
[23-09-14 16:13:49] INFO  log4jdbc.log4j2 - 4. Connection.getAutoCommit() returned true
[23-09-14 16:13:49] INFO  log4jdbc.log4j2 - 5. Connection opened. {executed in 11ms} 
[23-09-14 16:13:49] INFO  log4jdbc.log4j2 - 5. Connection.new Connection returned 
[23-09-14 16:13:49] INFO  log4jdbc.log4j2 - 5. Connection.isReadOnly() returned false
[23-09-14 16:13:49] INFO  log4jdbc.log4j2 - 5. Connection.getAutoCommit() returned true
[23-09-14 16:13:49] INFO  log4jdbc.log4j2 - 6. Connection opened. {executed in 12ms} 
[23-09-14 16:13:49] INFO  log4jdbc.log4j2 - 6. Connection.new Connection returned 
[23-09-14 16:13:49] INFO  log4jdbc.log4j2 - 6. Connection.isReadOnly() returned false
[23-09-14 16:13:49] INFO  log4jdbc.log4j2 - 6. Connection.getAutoCommit() returned true
[23-09-14 16:13:49] INFO  log4jdbc.log4j2 - 7. Connection opened. {executed in 11ms} 
[23-09-14 16:13:49] INFO  log4jdbc.log4j2 - 7. Connection.new Connection returned 
[23-09-14 16:13:49] INFO  log4jdbc.log4j2 - 7. Connection.isReadOnly() returned false
[23-09-14 16:13:49] INFO  log4jdbc.log4j2 - 7. Connection.getAutoCommit() returned true
[23-09-14 16:13:49] INFO  log4jdbc.log4j2 - 8. Connection opened. {executed in 11ms} 
[23-09-14 16:13:49] INFO  log4jdbc.log4j2 - 8. Connection.new Connection returned 
[23-09-14 16:13:49] INFO  log4jdbc.log4j2 - 8. Connection.isReadOnly() returned false
[23-09-14 16:13:49] INFO  log4jdbc.log4j2 - 8. Connection.getAutoCommit() returned true
[23-09-14 16:13:49] INFO  log4jdbc.log4j2 - 9. Connection opened. {executed in 12ms} 
[23-09-14 16:13:49] INFO  log4jdbc.log4j2 - 9. Connection.new Connection returned 
[23-09-14 16:13:49] INFO  log4jdbc.log4j2 - 9. Connection.isReadOnly() returned false
[23-09-14 16:13:49] INFO  log4jdbc.log4j2 - 9. Connection.getAutoCommit() returned true
[23-09-14 16:13:50] INFO  log4jdbc.log4j2 - 10. Connection opened. {executed in 12ms} 
[23-09-14 16:13:50] INFO  log4jdbc.log4j2 - 10. Connection.new Connection returned 
[23-09-14 16:13:50] INFO  log4jdbc.log4j2 - 10. Connection.isReadOnly() returned false
[23-09-14 16:13:50] INFO  log4jdbc.log4j2 - 10. Connection.getAutoCommit() returned true
[23-09-14 16:14:14] INFO  o.a.c.c.C.[Tomcat].[localhost].[/] - Initializing Spring DispatcherServlet 'dispatcherServlet'
[23-09-14 16:14:14] INFO  o.s.web.servlet.DispatcherServlet - Initializing Servlet 'dispatcherServlet'
[23-09-14 16:14:14] INFO  o.s.web.servlet.DispatcherServlet - Completed initialization in 1 ms
[23-09-14 16:14:42] INFO  o.s.b.a.SpringApplicationAdminMXBeanRegistrar$SpringApplicationAdmin - Application shutdown requested.
[23-09-14 16:14:42] INFO  o.a.coyote.http11.Http11NioProtocol - Pausing ProtocolHandler ["http-nio-9090"]
[23-09-14 16:14:42] INFO  o.a.catalina.core.StandardService - Stopping service [Tomcat]
[23-09-14 16:14:42] INFO  o.a.c.c.C.[Tomcat].[localhost].[/] - Destroying Spring FrameworkServlet 'dispatcherServlet'
[23-09-14 16:14:42] INFO  o.a.coyote.http11.Http11NioProtocol - Stopping ProtocolHandler ["http-nio-9090"]
[23-09-14 16:14:42] INFO  com.zaxxer.hikari.HikariDataSource - HikariPool-1 - Shutdown initiated...
[23-09-14 16:14:42] INFO  log4jdbc.log4j2 - 1. Connection closed. {executed in 0ms} 
[23-09-14 16:14:42] INFO  log4jdbc.log4j2 - 1. Connection.close() returned 
[23-09-14 16:14:42] INFO  log4jdbc.log4j2 - 2. Connection closed. {executed in 1ms} 
[23-09-14 16:14:42] INFO  log4jdbc.log4j2 - 2. Connection.close() returned 
[23-09-14 16:14:42] INFO  log4jdbc.log4j2 - 3. Connection closed. {executed in 0ms} 
[23-09-14 16:14:42] INFO  log4jdbc.log4j2 - 3. Connection.close() returned 
[23-09-14 16:14:42] INFO  log4jdbc.log4j2 - 4. Connection closed. {executed in 1ms} 
[23-09-14 16:14:42] INFO  log4jdbc.log4j2 - 4. Connection.close() returned 
[23-09-14 16:14:42] INFO  log4jdbc.log4j2 - 5. Connection closed. {executed in 0ms} 
[23-09-14 16:14:42] INFO  log4jdbc.log4j2 - 5. Connection.close() returned 
[23-09-14 16:14:42] INFO  log4jdbc.log4j2 - 6. Connection closed. {executed in 0ms} 
[23-09-14 16:14:42] INFO  log4jdbc.log4j2 - 6. Connection.close() returned 
[23-09-14 16:14:42] INFO  log4jdbc.log4j2 - 7. Connection closed. {executed in 1ms} 
[23-09-14 16:14:42] INFO  log4jdbc.log4j2 - 7. Connection.close() returned 
[23-09-14 16:14:42] INFO  log4jdbc.log4j2 - 8. Connection closed. {executed in 0ms} 
[23-09-14 16:14:42] INFO  log4jdbc.log4j2 - 8. Connection.close() returned 
[23-09-14 16:14:42] INFO  log4jdbc.log4j2 - 9. Connection closed. {executed in 0ms} 
[23-09-14 16:14:42] INFO  log4jdbc.log4j2 - 9. Connection.close() returned 
[23-09-14 16:14:42] INFO  log4jdbc.log4j2 - 10. Connection closed. {executed in 1ms} 
[23-09-14 16:14:42] INFO  log4jdbc.log4j2 - 10. Connection.close() returned 
[23-09-14 16:14:42] INFO  com.zaxxer.hikari.HikariDataSource - HikariPool-1 - Shutdown completed.
[23-09-14 16:14:50] INFO  com.wesely.WeselyWebApplication - Starting WeselyWebApplication using Java 17.0.7 with PID 13692 (C:\Users\admin\git\wesely-web\weselyWeb\target\classes started by admin in C:\Users\admin\git\wesely-web\weselyWeb)
[23-09-14 16:14:50] INFO  com.wesely.WeselyWebApplication - The following 1 profile is active: "local"
[23-09-14 16:14:50] INFO  o.s.b.d.restart.ChangeableUrls - The Class-Path manifest attribute in C:\Users\admin\.m2\repository\com\oracle\database\jdbc\ojdbc8\21.9.0.0\ojdbc8-21.9.0.0.jar referenced one or more files that do not exist: file:/C:/Users/admin/.m2/repository/com/oracle/database/jdbc/ojdbc8/21.9.0.0/oraclepki.jar
[23-09-14 16:14:50] INFO  o.s.b.d.e.DevToolsPropertyDefaultsPostProcessor - Devtools property defaults active! Set 'spring.devtools.add-properties' to 'false' to disable
[23-09-14 16:14:50] INFO  o.s.b.d.e.DevToolsPropertyDefaultsPostProcessor - For additional web related logging consider setting the 'logging.level.web' property to 'DEBUG'
[23-09-14 16:14:51] INFO  o.s.d.r.c.RepositoryConfigurationDelegate - Bootstrapping Spring Data JDBC repositories in DEFAULT mode.
[23-09-14 16:14:51] INFO  o.s.d.r.c.RepositoryConfigurationDelegate - Finished Spring Data repository scanning in 5 ms. Found 0 JDBC repository interfaces.
[23-09-14 16:14:51] INFO  o.s.b.w.e.tomcat.TomcatWebServer - Tomcat initialized with port(s): 9090 (http)
[23-09-14 16:14:51] INFO  o.a.coyote.http11.Http11NioProtocol - Initializing ProtocolHandler ["http-nio-9090"]
[23-09-14 16:14:51] INFO  o.a.catalina.core.StandardService - Starting service [Tomcat]
[23-09-14 16:14:51] INFO  o.a.catalina.core.StandardEngine - Starting Servlet engine: [Apache Tomcat/10.1.12]
[23-09-14 16:14:51] INFO  o.a.c.c.C.[Tomcat].[localhost].[/] - Initializing Spring embedded WebApplicationContext
[23-09-14 16:14:51] INFO  o.s.b.w.s.c.ServletWebServerApplicationContext - Root WebApplicationContext: initialization completed in 1096 ms
[23-09-14 16:14:52] INFO  o.s.b.a.w.s.WelcomePageHandlerMapping - Adding welcome page template: index
[23-09-14 16:14:52] INFO  com.zaxxer.hikari.HikariDataSource - HikariPool-1 - Starting...
[23-09-14 16:14:52] INFO  log4jdbc.log4j2 - 1. Connection opened. {executed in 172ms} 
[23-09-14 16:14:52] INFO  log4jdbc.log4j2 - 1. Connection.new Connection returned 
[23-09-14 16:14:52] INFO  log4jdbc.log4j2 - 1. Connection.getNetworkTimeout() returned 0
[23-09-14 16:14:52] INFO  log4jdbc.log4j2 - 1. Connection.isReadOnly() returned false
[23-09-14 16:14:52] INFO  log4jdbc.log4j2 - 1. Connection.getAutoCommit() returned true
[23-09-14 16:14:52] INFO  log4jdbc.log4j2 - 1. Connection.isValid(1) returned true
[23-09-14 16:14:52] INFO  log4jdbc.log4j2 - 1. Connection.getTransactionIsolation() returned 2
[23-09-14 16:14:52] INFO  com.zaxxer.hikari.pool.HikariPool - HikariPool-1 - Added connection net.sf.log4jdbc.sql.jdbcapi.ConnectionSpy@40d978a6
[23-09-14 16:14:52] INFO  com.zaxxer.hikari.HikariDataSource - HikariPool-1 - Start completed.
[23-09-14 16:14:52] INFO  log4jdbc.log4j2 - 1. Connection.getMetaData() returned oracle.jdbc.driver.OracleDatabaseMetaData@1a166d3d
[23-09-14 16:14:52] INFO  log4jdbc.log4j2 - 1. Connection.clearWarnings() returned 
[23-09-14 16:14:52] INFO  o.s.b.d.a.OptionalLiveReloadServer - LiveReload server is running on port 35729
[23-09-14 16:14:52] INFO  o.a.coyote.http11.Http11NioProtocol - Starting ProtocolHandler ["http-nio-9090"]
[23-09-14 16:14:52] INFO  log4jdbc.log4j2 - 2. Connection opened. {executed in 15ms} 
[23-09-14 16:14:52] INFO  log4jdbc.log4j2 - 2. Connection.new Connection returned 
[23-09-14 16:14:52] INFO  log4jdbc.log4j2 - 2. Connection.isReadOnly() returned false
[23-09-14 16:14:52] INFO  log4jdbc.log4j2 - 2. Connection.getAutoCommit() returned true
[23-09-14 16:14:52] INFO  o.s.b.w.e.tomcat.TomcatWebServer - Tomcat started on port(s): 9090 (http) with context path ''
[23-09-14 16:14:52] INFO  com.wesely.WeselyWebApplication - Started WeselyWebApplication in 2.433 seconds (process running for 3.152)
[23-09-14 16:14:52] INFO  log4jdbc.log4j2 - 3. Connection opened. {executed in 13ms} 
[23-09-14 16:14:52] INFO  log4jdbc.log4j2 - 3. Connection.new Connection returned 
[23-09-14 16:14:52] INFO  log4jdbc.log4j2 - 3. Connection.isReadOnly() returned false
[23-09-14 16:14:52] INFO  log4jdbc.log4j2 - 3. Connection.getAutoCommit() returned true
[23-09-14 16:14:52] INFO  log4jdbc.log4j2 - 4. Connection opened. {executed in 12ms} 
[23-09-14 16:14:52] INFO  log4jdbc.log4j2 - 4. Connection.new Connection returned 
[23-09-14 16:14:52] INFO  log4jdbc.log4j2 - 4. Connection.isReadOnly() returned false
[23-09-14 16:14:52] INFO  log4jdbc.log4j2 - 4. Connection.getAutoCommit() returned true
[23-09-14 16:14:52] INFO  log4jdbc.log4j2 - 5. Connection opened. {executed in 28ms} 
[23-09-14 16:14:52] INFO  log4jdbc.log4j2 - 5. Connection.new Connection returned 
[23-09-14 16:14:52] INFO  log4jdbc.log4j2 - 5. Connection.isReadOnly() returned false
[23-09-14 16:14:52] INFO  log4jdbc.log4j2 - 5. Connection.getAutoCommit() returned true
[23-09-14 16:14:52] INFO  log4jdbc.log4j2 - 6. Connection opened. {executed in 27ms} 
[23-09-14 16:14:52] INFO  log4jdbc.log4j2 - 6. Connection.new Connection returned 
[23-09-14 16:14:52] INFO  log4jdbc.log4j2 - 6. Connection.isReadOnly() returned false
[23-09-14 16:14:52] INFO  log4jdbc.log4j2 - 6. Connection.getAutoCommit() returned true
[23-09-14 16:14:52] INFO  log4jdbc.log4j2 - 7. Connection opened. {executed in 18ms} 
[23-09-14 16:14:52] INFO  log4jdbc.log4j2 - 7. Connection.new Connection returned 
[23-09-14 16:14:52] INFO  log4jdbc.log4j2 - 7. Connection.isReadOnly() returned false
[23-09-14 16:14:52] INFO  log4jdbc.log4j2 - 7. Connection.getAutoCommit() returned true
[23-09-14 16:14:52] INFO  log4jdbc.log4j2 - 8. Connection opened. {executed in 15ms} 
[23-09-14 16:14:52] INFO  log4jdbc.log4j2 - 8. Connection.new Connection returned 
[23-09-14 16:14:52] INFO  log4jdbc.log4j2 - 8. Connection.isReadOnly() returned false
[23-09-14 16:14:52] INFO  log4jdbc.log4j2 - 8. Connection.getAutoCommit() returned true
[23-09-14 16:14:52] INFO  log4jdbc.log4j2 - 9. Connection opened. {executed in 12ms} 
[23-09-14 16:14:52] INFO  log4jdbc.log4j2 - 9. Connection.new Connection returned 
[23-09-14 16:14:52] INFO  log4jdbc.log4j2 - 9. Connection.isReadOnly() returned false
[23-09-14 16:14:52] INFO  log4jdbc.log4j2 - 9. Connection.getAutoCommit() returned true
[23-09-14 16:14:52] INFO  log4jdbc.log4j2 - 10. Connection opened. {executed in 11ms} 
[23-09-14 16:14:52] INFO  log4jdbc.log4j2 - 10. Connection.new Connection returned 
[23-09-14 16:14:52] INFO  log4jdbc.log4j2 - 10. Connection.isReadOnly() returned false
[23-09-14 16:14:52] INFO  log4jdbc.log4j2 - 10. Connection.getAutoCommit() returned true
[23-09-14 16:15:06] INFO  o.a.c.c.C.[Tomcat].[localhost].[/] - Initializing Spring DispatcherServlet 'dispatcherServlet'
[23-09-14 16:15:06] INFO  o.s.web.servlet.DispatcherServlet - Initializing Servlet 'dispatcherServlet'
[23-09-14 16:15:06] INFO  o.s.web.servlet.DispatcherServlet - Completed initialization in 0 ms
